<?xml version="1.0" encoding="UTF-8"?>
<!-- Generated by org.testng.reporters.JUnitReportReporter -->
<testsuite hostname="SDET" failures="0" tests="5" name="test.C18_DataProvider" time="10.273" errors="0" timestamp="2024-03-18T11:03:08 MEZ" skipped="0">
  <testcase classname="test.C18_DataProvider" name="test" time="1.954"/>
  <testcase classname="test.C18_DataProvider" name="test2" time="1.980"/>
  <testcase classname="test.C18_DataProvider" name="test2" time="2.095"/>
  <testcase classname="test.C18_DataProvider" name="test" time="2.178"/>
  <testcase classname="test.C18_DataProvider" name="test2" time="2.066"/>
</testsuite> <!-- test.C18_DataProvider -->
