<?xml version="1.0" encoding="UTF-8"?>
<!-- Generated by org.testng.reporters.JUnitReportReporter -->
<testsuite hostname="SDET" failures="0" tests="2" name="test.C09_HardSoftAssertion" time="10.062" errors="0" timestamp="2024-03-18T11:03:08 MEZ" skipped="0">
  <testcase classname="test.C09_HardSoftAssertion" name="testLoginHard" time="5.734"/>
  <testcase classname="test.C09_HardSoftAssertion" name="testLoginSoft" time="4.328"/>
</testsuite> <!-- test.C09_HardSoftAssertion -->
